[reprobe] probing 158 bugs, workers=3, timeout=240s
[1/158] berry-1 -> berry  argv: ./berry tests/bitwise.be
[2/158] berry-3 -> berry  argv: ./berry tests/class_const.be
[3/158] berry-2 -> berry  argv: ./berry tests/bool.be
[4/158] berry-4 -> berry  argv: ./berry tests/string.be
[5/158] berry-5 -> berry  argv: ./berry tests/suffix.be
[6/158] coreutils-1 -> (none)
[7/158] cpp_peglib-10 -> build/test/test-main  argv: ./build/test/test-main  Token boundary 4r
[8/158] coreutils-2 -> (none)
[9/158] cpp_peglib-2 -> build/test/test-main  argv: ./build/test/test-main  Nested macro callr
[10/158] cpp_peglib-3 -> build/test/test-main  argv: ./build/test/test-main  Custom AST testr
[11/158] cpp_peglib-4 -> build/test/test-main  argv: ./build/test/test-main  Macro rule-parameter collisionr
[12/158] cpp_peglib-5 -> build/test/test-main  argv: ./build/test/test-main  Left recursive with a ZOM content ruler
[13/158] cpp_peglib-7 -> build/test/test-main  argv: ./build/test/test-main  Line information testr
[14/158] cpp_peglib-6 -> build/test/test-main  argv: ./build/test/test-main  Packrat parser test with macror
[15/158] cpp_peglib-8 -> build/test-main  argv: ./build/test-main  Japanese characterr
[16/158] cpp_peglib-9 -> build/test-main  argv: ./build/test-main  before/after handlers testr
[17/158] cppcheck-1 -> (none)
[18/158] cppcheck-10 -> (none)
[19/158] cppcheck-11 -> (none)
[20/158] cppcheck-12 -> (none)
[21/158] cppcheck-13 -> (none)
[22/158] cppcheck-14 -> (none)
[23/158] cppcheck-15 -> (none)
[24/158] cppcheck-17 -> (none)
[25/158] cppcheck-18 -> (none)
[26/158] cppcheck-19 -> (none)
[27/158] cppcheck-2 -> (none)
[28/158] cppcheck-21 -> (none)
[29/158] cppcheck-20 -> (none)
[30/158] cppcheck-22 -> (none)
[31/158] cppcheck-24 -> (none)
[32/158] cppcheck-23 -> (none)
[33/158] cppcheck-25 -> (none)
[34/158] cppcheck-26 -> (none)
[35/158] cppcheck-27 -> (none)
[36/158] cppcheck-28 -> (none)
[37/158] cppcheck-29 -> (none)
[38/158] cppcheck-3 -> (none)
[39/158] cppcheck-30 -> (none)
[40/158] cppcheck-4 -> (none)
[41/158] cppcheck-6 -> (none)
[42/158] cppcheck-7 -> (none)
[43/158] cppcheck-8 -> (none)
[44/158] dlt_daemon-1 -> (none)
[45/158] exiv2-10 -> build/bin/tiff-test  argv: /work/build/bin/tiff-test /work/test/data/mini9_copy.tif
[46/158] exiv2-11 -> build/bin/tiff-test  argv: /work/build/bin/tiff-test /work/test/data/mini9_copy.tif
[47/158] exiv2-12 -> build/bin/tiff-test  argv: /work/build/bin/tiff-test /work/test/data/mini9_copy.tif
[48/158] exiv2-13 -> build/bin/tiff-test  argv: /work/build/bin/tiff-test /work/test/data/mini9_copy.tif
[49/158] exiv2-14 -> build/bin/tiff-test  argv: /work/build/bin/tiff-test /work/test/data/mini9_copy.tif
[50/158] exiv2-15 -> build/bin/tiff-test  argv: /work/build/bin/tiff-test /work/test/data/mini9_copy.tif
[51/158] exiv2-1 -> build/bin/exiv2  argv: /work/build/bin/exiv2 -Mset Exif.CanonCs.LensType 137 -Mset Exif.CanonCs.Lens 20
[52/158] exiv2-16 -> build/bin/exiv2  argv: /work/build/bin/exiv2 -Mset Exif.CanonCs.LensType 124 -Mset Exif.CanonCs.Lens 65
[53/158] exiv2-17 -> build/bin/exiv2  argv: /work/build/bin/exiv2 -pa -K Exif.CanonCs.LensType /work/test/data/template.exv
[54/158] exiv2-18 -> build/bin/tiff-test  argv: /work/build/bin/tiff-test /work/test/data/mini9_copy.tif
[55/158] exiv2-19 -> build/bin/exiv2  argv: /work/build/bin/exiv2 -K Exif.CanonCs.FocusContinuous /work/test/data/exiv2-bug1
[56/158] exiv2-2 -> build/bin/exiv2  argv: /work/build/bin/exiv2 -pa /work/test/data/exiv2.dc.dwc.i18n_copy.jpg
[57/158] exiv2-4 -> build/bin/tiff-test  argv: /work/build/bin/tiff-test /work/test/data/mini9_copy.tif
[58/158] exiv2-20 -> build/bin/exiv2  argv: /work/build/bin/exiv2 -u -v -Mset Exif.Photo.UserComment Test Bug 1043 my filena
[59/158] exiv2-6 -> build/bin/tiff-test  argv: /work/build/bin/tiff-test /work/test/data/mini9_copy.tif
[60/158] exiv2-3 -> build/bin/exiv2  argv: /work/build/bin/exiv2 -u -Mset Exif.Photo.UserComment charset=Ascii A\nnewline /
[61/158] exiv2-8 -> build/bin/tiff-test  argv: /work/build/bin/tiff-test /work/test/data/mini9_copy.tif
[62/158] exiv2-5 -> build/bin/exiv2  argv: /work/build/bin/exiv2 -u -v -Madd Exif.Image.Make Canon -Madd Exif.CanonCs.0x000
[63/158] libchewing-1 -> (none)
[64/158] libchewing-2 -> (none)
[65/158] exiv2-9 -> build/bin/tiff-test  argv: /work/build/bin/tiff-test /work/test/data/mini9_copy.tif
[66/158] libchewing-3 -> (none)
[67/158] libchewing-4 -> (none)
[68/158] libchewing-5 -> (none)
[69/158] libchewing-6 -> (none)
[70/158] libchewing-7 -> (none)
[71/158] libchewing-8 -> (none)
[72/158] libssh-1 -> build/tests/unittests/torture_pki_ed25519  argv: /work/build/tests/unittests/torture_pki_ed25519
[73/158] exiv2-7 -> build/bin/exiv2  argv: /work/build/bin/exiv2 -pv --grep mano/i /work/test/data/exiv2-bug825b.exv
[74/158] libtiff-1 -> (none)
[75/158] libtiff-2 -> (none)
[76/158] libtiff-3 -> (none)
[77/158] libucl-1 -> tests/.libs/test_msgpack  argv: /work/tests/.libs/test_msgpack
[78/158] libucl-2 -> tests/.libs/test_basic  argv: /work/tests/.libs/test_basic ../tests/basic/13.in ../tests/basic.out
[79/158] libucl-3 -> tests/.libs/test_basic  argv: /work/tests/.libs/test_basic ../tests/basic/14.in ../tests/basic.out
[80/158] libucl-4 -> tests/.libs/test_basic  argv: /work/tests/.libs/test_basic ../tests/basic/11.in ../tests/basic.out
[81/158] libtiff-4 -> (none)
[82/158] libtiff-5 -> (none)
[83/158] libucl-5 -> tests/.libs/test_basic  argv: /work/tests/.libs/test_basic ../tests/basic/14.in ../tests/basic.out
[84/158] libucl-6 -> tests/.libs/test_basic  argv: /work/tests/.libs/test_basic ../tests/basic/11.in ../tests/basic.out
[85/158] libxml2-1 -> .libs/runtest  argv: /work/.libs/runtest 
[86/158] libxml2-2 -> .libs/runtest  argv: /work/.libs/runtest 
[87/158] libxml2-3 -> .libs/runtest  argv: /work/.libs/runtest 
[88/158] libxml2-4 -> .libs/runtest  argv: /work/.libs/runtest 
[89/158] libxml2-5 -> .libs/runtest  argv: /work/.libs/runtest 
[90/158] libxml2-6 -> .libs/runtest  argv: /work/.libs/runtest 
[91/158] md4c-1 -> build/md2html/md2html  argv: build/md2html/md2html --ftables
[92/158] md4c-10 -> build/md2html/md2html  argv: build/md2html/md2html
[93/158] md4c-2 -> build/md2html/md2html  argv: build/md2html/md2html
[94/158] md4c-3 -> build/md2html/md2html  argv: build/md2html/md2html
[95/158] md4c-4 -> build/md2html/md2html  argv: build/md2html/md2html
[96/158] md4c-5 -> build/md2html/md2html  argv: build/md2html/md2html
[97/158] md4c-6 -> build/md2html/md2html  argv: build/md2html/md2html
[98/158] md4c-7 -> build/md2html/md2html  argv: build/md2html/md2html
[99/158] md4c-8 -> build/md2html/md2html  argv: build/md2html/md2html
[100/158] md4c-9 -> build/md2html/md2html  argv: build/md2html/md2html
[101/158] ndpi-1 -> example/ndpiReader  argv: example/ndpiReader -p example/protos.txt -c example/categories.txt -q -t -i test
[102/158] ndpi-2 -> example/ndpiReader  argv: example/ndpiReader -p example/protos.txt -c example/categories.txt -q -t -i test
[103/158] ndpi-3 -> example/ndpiReader  argv: example/ndpiReader -p example/protos.txt -c example/categories.txt -q -t -i test
[104/158] ndpi-4 -> example/ndpiReader  argv: example/ndpiReader -p example/protos.txt -c example/categories.txt -q -t -i test
[105/158] proj-1 -> (none)
[106/158] proj-10 -> (none)
[107/158] proj-11 -> (none)
[108/158] proj-12 -> (none)
[109/158] proj-13 -> (none)
[110/158] libxml2-7 -> .libs/runtest  argv: /work/.libs/runtest 
[111/158] proj-14 -> (none)
[112/158] proj-15 -> (none)
[113/158] proj-16 -> (none)
[114/158] proj-17 -> (none)
[115/158] proj-18 -> (none)
[116/158] proj-19 -> (none)
[117/158] proj-2 -> (none)
[118/158] proj-20 -> (none)
[119/158] proj-21 -> (none)
[120/158] proj-22 -> (none)
[121/158] proj-24 -> (none)
[122/158] proj-23 -> (none)
[123/158] proj-25 -> (none)
[124/158] proj-26 -> (none)
[125/158] proj-27 -> (none)
[126/158] proj-28 -> (none)
[127/158] proj-3 -> (none)
[128/158] proj-6 -> (none)
[129/158] proj-7 -> (none)
[130/158] proj-8 -> (none)
[131/158] proj-9 -> (none)
[132/158] wget2-1 -> (none)
[133/158] wget2-2 -> (none)
[134/158] wget2-3 -> (none)
[135/158] wireshark-3 -> (none)
[136/158] wireshark-4 -> (none)
[137/158] wireshark-5 -> (none)
[138/158] yaml_cpp-1 -> (none)
[139/158] wireshark-6 -> (none)
[140/158] yaml_cpp-10 -> (none)
[141/158] yaml_cpp-3 -> (none)
[142/158] yaml_cpp-2 -> (none)
[143/158] yaml_cpp-4 -> (none)
[144/158] yaml_cpp-5 -> (none)
[145/158] yaml_cpp-6 -> (none)
[146/158] yaml_cpp-7 -> (none)
[147/158] yaml_cpp-8 -> (none)
[148/158] yaml_cpp-9 -> (none)
[149/158] yara-1 -> (none)
[150/158] yara-2 -> (none)
[151/158] yara-3 -> (none)
[152/158] yara-4 -> (none)
[153/158] yara-5 -> (none)
[154/158] zsh-1 -> Test/command.tmp/dir1/tstcmd  argv: tstcmd
[155/158] zsh-2 -> Test/../Src/zsh  argv: /work/Test/../Src/zsh -f -o CONTINUE_ON_ERROR
[156/158] zsh-3 -> Test/../Src/zsh  argv: /work/Test/../Src/zsh -f -o CONTINUE_ON_ERROR
[157/158] zsh-4 -> Test/command.tmp/dir1/tstcmd  argv: tstcmd
[158/158] zsh-5 -> Test/command.tmp/dir1/tstcmd  argv: tstcmd
[reprobe] done: found=67 missing=91 errors=0
