[reprobe] probing 158 bugs, workers=3, timeout=240s
[1/158] berry-2 -> berry
[2/158] berry-3 -> berry
[3/158] berry-1 -> berry
[4/158] berry-4 -> berry
[5/158] coreutils-1 -> (none)
[6/158] berry-5 -> berry
[7/158] cpp_peglib-2 -> build/test/test-main
[8/158] cpp_peglib-10 -> build/test/test-main
[9/158] coreutils-2 -> (none)
[10/158] cpp_peglib-3 -> build/test/test-main
[11/158] cpp_peglib-4 -> build/test/test-main
[12/158] cpp_peglib-5 -> build/test/test-main
[13/158] cpp_peglib-6 -> build/test/test-main
[14/158] cpp_peglib-7 -> build/test/test-main
[15/158] cpp_peglib-8 -> build/test-main
[16/158] cpp_peglib-9 -> build/test-main
[17/158] cppcheck-1 -> (none)
[18/158] cppcheck-10 -> (none)
[19/158] cppcheck-11 -> (none)
[20/158] cppcheck-12 -> (none)
[21/158] cppcheck-13 -> (none)
[22/158] cppcheck-14 -> (none)
[23/158] cppcheck-15 -> (none)
[24/158] cppcheck-17 -> (none)
[25/158] cppcheck-19 -> (none)
[26/158] cppcheck-18 -> (none)
[27/158] cppcheck-2 -> (none)
[28/158] cppcheck-21 -> (none)
[29/158] cppcheck-20 -> (none)
[30/158] cppcheck-22 -> (none)
[31/158] cppcheck-23 -> (none)
[32/158] cppcheck-24 -> (none)
[33/158] cppcheck-25 -> (none)
[34/158] cppcheck-26 -> (none)
[35/158] cppcheck-27 -> (none)
[36/158] cppcheck-28 -> (none)
[37/158] cppcheck-29 -> (none)
[38/158] cppcheck-3 -> (none)
[39/158] cppcheck-30 -> (none)
[40/158] cppcheck-4 -> (none)
[41/158] cppcheck-6 -> (none)
[42/158] cppcheck-7 -> (none)
[43/158] cppcheck-8 -> (none)
[44/158] dlt_daemon-1 -> install/bin/dlt-receive
[45/158] exiv2-10 -> build/bin/exiv2
[46/158] exiv2-11 -> build/bin/tiff-test
[47/158] exiv2-12 -> build/bin/tiff-test
[48/158] exiv2-13 -> build/bin/tiff-test
[49/158] exiv2-14 -> build/bin/tiff-test
[50/158] exiv2-15 -> build/bin/tiff-test
[51/158] exiv2-1 -> build/bin/exiv2
[52/158] exiv2-16 -> build/bin/exiv2
[53/158] exiv2-17 -> build/bin/exiv2
[54/158] exiv2-18 -> build/bin/exiv2
[55/158] exiv2-19 -> build/bin/exiv2
[56/158] exiv2-2 -> build/bin/exiv2
[57/158] exiv2-4 -> build/bin/exiv2
[58/158] exiv2-20 -> build/bin/exiv2
[59/158] exiv2-6 -> build/bin/tiff-test
[60/158] exiv2-7 -> (none)
[61/158] exiv2-3 -> build/bin/exiv2
[62/158] exiv2-8 -> build/bin/exiv2
[63/158] exiv2-5 -> build/bin/exiv2
[64/158] libchewing-1 -> (none)
[65/158] libchewing-2 -> (none)
[66/158] libchewing-3 -> (none)
[67/158] libchewing-4 -> (none)
[68/158] libchewing-5 -> (none)
[69/158] libchewing-6 -> (none)
[70/158] exiv2-9 -> build/bin/exiv2
[71/158] libchewing-7 -> (none)
[72/158] libchewing-8 -> (none)
[73/158] libtiff-2 -> tools/.libs/gif2tiff
[74/158] libtiff-1 -> tools/.libs/tiffcrop
[75/158] libtiff-4 -> tools/.libs/tiffcp
[76/158] libtiff-3 -> tools/.libs/rgb2ycbcr
[77/158] libtiff-5 -> tools/.libs/tiffsplit
[78/158] libucl-1 -> tests/.libs/test_msgpack
[79/158] libssh-1 -> build/tests/unittests/torture_rand
[80/158] libucl-2 -> tests/.libs/test_basic
[81/158] libucl-4 -> tests/.libs/test_basic
[82/158] libucl-3 -> tests/.libs/test_basic
[83/158] libxml2-1 -> .libs/runtest
[84/158] libxml2-2 -> .libs/runtest
[85/158] libucl-5 -> tests/.libs/test_basic
[86/158] libucl-6 -> tests/.libs/test_basic
[87/158] libxml2-3 -> .libs/runtest
[88/158] libxml2-4 -> .libs/runtest
[89/158] libxml2-5 -> .libs/runtest
[90/158] libxml2-6 -> .libs/runtest
[91/158] libxml2-7 -> .libs/runtest
[92/158] md4c-1 -> build/md2html/md2html
[93/158] md4c-10 -> build/md2html/md2html
[94/158] md4c-2 -> build/md2html/md2html
[95/158] md4c-3 -> build/md2html/md2html
[96/158] md4c-4 -> build/md2html/md2html
[97/158] md4c-5 -> build/md2html/md2html
[98/158] md4c-6 -> build/md2html/md2html
[99/158] md4c-7 -> build/md2html/md2html
[100/158] md4c-8 -> build/md2html/md2html
[101/158] md4c-9 -> build/md2html/md2html
[102/158] ndpi-1 -> example/ndpiReader
[103/158] ndpi-2 -> example/ndpiReader
[104/158] ndpi-3 -> example/ndpiReader
[105/158] ndpi-4 -> example/ndpiReader
[106/158] proj-1 -> (none)
[107/158] proj-10 -> (none)
[108/158] proj-11 -> (none)
[109/158] proj-12 -> (none)
[110/158] proj-13 -> (none)
[111/158] proj-14 -> (none)
[112/158] proj-15 -> (none)
[113/158] proj-16 -> (none)
[114/158] proj-17 -> (none)
[115/158] proj-18 -> (none)
[116/158] proj-19 -> (none)
[117/158] proj-2 -> (none)
[118/158] proj-20 -> (none)
[119/158] proj-21 -> (none)
[120/158] proj-22 -> (none)
[121/158] proj-24 -> (none)
[122/158] proj-23 -> (none)
[123/158] proj-25 -> (none)
[124/158] proj-26 -> (none)
[125/158] proj-27 -> (none)
[126/158] proj-28 -> (none)
[127/158] proj-3 -> (none)
[128/158] proj-6 -> (none)
[129/158] proj-7 -> (none)
[130/158] proj-8 -> (none)
[131/158] proj-9 -> (none)
[132/158] wget2-1 -> (none)
[133/158] wget2-2 -> (none)
[134/158] wget2-3 -> (none)
[135/158] wireshark-3 -> (none)
[136/158] wireshark-4 -> (none)
[137/158] wireshark-5 -> (none)
[138/158] yaml_cpp-1 -> (none)
[139/158] yaml_cpp-10 -> (none)
[140/158] yaml_cpp-2 -> (none)
[141/158] wireshark-6 -> (none)
[142/158] yaml_cpp-3 -> (none)
[143/158] yaml_cpp-6 -> (none)
[144/158] yaml_cpp-4 -> (none)
[145/158] yaml_cpp-5 -> (none)
[146/158] yaml_cpp-8 -> (none)
[147/158] yaml_cpp-9 -> (none)
[148/158] yaml_cpp-7 -> (none)
[149/158] yara-1 -> .libs/test-exception
[150/158] yara-3 -> test-exception
[151/158] yara-2 -> test-exception
[152/158] yara-4 -> test-exception
[153/158] yara-5 -> test-exception
[154/158] zsh-1 -> Test/command.tmp/dir1/tstcmd
[155/158] zsh-2 -> Test/command.tmp/dir1/tstcmd
[156/158] zsh-3 -> Test/command.tmp/dir1/tstcmd
[157/158] zsh-4 -> Test/command.tmp/dir1/tstcmd
[158/158] zsh-5 -> Test/command.tmp/dir1/tstcmd
[reprobe] done: found=77 missing=81 errors=0
